<?xml version="1.0" encoding="UTF-8"?>
<testng-results ignored="0" total="1" passed="1" failed="0" skipped="0">
  <reporter-output>
  </reporter-output>
  <suite started-at="2023-02-22T18:36:20 IST" name="Default suite" finished-at="2023-02-22T18:36:20 IST" duration-ms="703">
    <groups>
    </groups>
    <test started-at="2023-02-22T18:36:20 IST" name="Default test" finished-at="2023-02-22T18:36:20 IST" duration-ms="703">
      <class name="com.Keyword_Driven_Framework.qa.DriverScript">
        <test-method signature="mains()[pri:0, instance:com.Keyword_Driven_Framework.qa.DriverScript@57a3af25]" started-at="2023-02-22T18:36:20 IST" name="mains" finished-at="2023-02-22T18:36:20 IST" duration-ms="665" status="PASS">
          <reporter-output>
          </reporter-output>
        </test-method> <!-- mains -->
      </class> <!-- com.Keyword_Driven_Framework.qa.DriverScript -->
    </test> <!-- Default test -->
  </suite> <!-- Default suite -->
</testng-results>
